
ROM used:   275/8192 (3%)
            2049/8192 (25%) including unused fragments

            0.4 Average locations per line
            6.0 Average locations per statement

RAM used:   9/368 (2%) at main() level
            12/368 (3%) worst case

Stack used: 3 worst case (2 in main + 1 for interrupts)
Stack size: 8

Lines Stmts  %   Files
----- ----- ---  -----
   82    46 100  prueba5.c
  664     0   0  ..\..\..\..\..\..\..\Program Files (x86)\PICC\Devices\16f877.h
----- -----
  746    46 Total

Page ROM  %  RAM    Vol Diff  Functions:
---- --- --- ---    --- ----  ----------
0     20   7    1             @delay_ms1
3      1   0    0      5  1.0  loader16F877
0     12   4    1     40  1.3  Apagado
0     13   5    1     40  1.3  Prendido
0     22   8    2    129  3.4  CorDer
0     33  12    2    185  4.0  CorIzq
0      5   2    0     28  1.3  IdaVuelta
0      5   2    0     28  1.3  Parpadeo
0     67  24    2    519  5.9  MAIN
0      3   1    0     32  1.0  @const681
0     90  33    4             @PSTRINGC7_9600_62_63
 Inline         0             @cinit1

Program metrics:
    Functions               9
    Statements              46
    Comments                125
    Volume (V)              1570
    Difficulty (D)          20.6
    Effort to implement (E) 32291
    Time to implement (T)   30 minutes
    Est Delivered Bugs (B)  0
    Cyclomatic Complexity   9
    Maintainability (MI)    93

 Segment     Used  Free
-----------  ----  ----
00000-00003     4  0  
00004-007FF   270  1774  
00800-00FFF     0  2048  
01000-017FF     0  2048  
01800-01EFF     0  1792  
01F00-01FFF     1  255  



