
ROM used:   1192/8192 (15%)
            2049/8192 (25%) including unused fragments

            1.7 Average locations per line
            85.1 Average locations per statement

RAM used:   16/368 (4%) at main() level
            38/368 (10%) worst case

Stack used: 2 worst case (1 in main + 1 for interrupts)
Stack size: 8

Lines Stmts  %   Files
----- ----- ---  -----
   29    14 100  Prueba1.c
  664     0   0  ..\..\..\..\..\..\..\Program Files (x86)\PICC\Devices\16f877.h
----- -----
  693    14 Total

Page ROM  %  RAM    Vol Diff  Functions:
---- --- --- ---    --- ----  ----------
0     22   2    1             @delay_ms1
3      1   0    0      5  1.0  loader16F877
0    190  16    9    438  3.7  MAIN
0     11   1    0             @const672
0     90   8    4             @PSTRINGC7_9600_62_63
0     21   2    3             @DIV88
0     58   5    2             @PRINTF_U_9600_62_63
0      4   0    0             @const684
0     89   7    5             @PSTRINGCN7_9600_62_63
0     37   3    2             @PRINTF_X_9600_62_63
0     31   3    2             @ITOF
0    117  10   13             @MULFF
0    204  17   14             @DIVFF
0      4   0    0             @const698
 Inline         5             @FTOSD
0     79   7   13             @DIV3232
0    230  19   13             @PRINTF_L32D_9600_62_63FPFPF
 Inline         0             @cinit1

Program metrics:
    Functions               2
    Statements              14
    Comments                121
    Volume (V)              493
    Difficulty (D)          3.4
    Effort to implement (E) 1658
    Time to implement (T)   2 minutes
    Est Delivered Bugs (B)  0
    Cyclomatic Complexity   1
    Maintainability (MI)    86

 Segment     Used  Free
-----------  ----  ----
00000-00003     4  0  
00004-007FF  1187  857  
00800-00FFF     0  2048  
01000-017FF     0  2048  
01800-01EFF     0  1792  
01F00-01FFF     1  255  



